[2021-09-19 16:58:57,610: INFO: or] >>>> Starting Training >>>>
[2021-09-19 16:58:57,745: INFO: or] This is actual dataframe(df)
[2021-09-19 16:58:57,746: INFO: all_utils] Preparing the data by segregarubg the independent and depened variables
[2021-09-19 16:58:59,046: INFO: model] inital wieghts before training:[-8.18188948e-05  1.24091532e-04 -1.25902733e-04]
[2021-09-19 16:58:59,078: INFO: model] X with bias: 
[[ 0.  0. -1.]
 [ 0.  1. -1.]
 [ 1.  0. -1.]
 [ 1.  1. -1.]]
[2021-09-19 16:58:59,079: INFO: model] --------------------
[2021-09-19 16:58:59,079: INFO: model] for epoch:0
[2021-09-19 16:58:59,081: INFO: model] --------------------
[2021-09-19 16:58:59,317: INFO: model] Predicted value after forward pss:[1 1 1 1]
[2021-09-19 16:58:59,397: INFO: model]  Error:0   -1
1    0
2    0
3    0
Name: y, dtype: int64
[2021-09-19 16:58:59,436: INFO: model] updated weights after epoch:0/10:[-8.18188948e-05  1.24091532e-04  2.99874097e-01]
[2021-09-19 16:58:59,437: INFO: model] ##################################################
[2021-09-19 16:58:59,438: INFO: model] --------------------
[2021-09-19 16:58:59,439: INFO: model] for epoch:1
[2021-09-19 16:58:59,439: INFO: model] --------------------
[2021-09-19 16:58:59,442: INFO: model] Predicted value after forward pss:[0 0 0 0]
[2021-09-19 16:58:59,447: INFO: model]  Error:0    0
1    1
2    1
3    1
Name: y, dtype: int64
[2021-09-19 16:58:59,449: INFO: model] updated weights after epoch:1/10:[ 0.59991818  0.60012409 -0.6001259 ]
[2021-09-19 16:58:59,449: INFO: model] ##################################################
[2021-09-19 16:58:59,449: INFO: model] --------------------
[2021-09-19 16:58:59,450: INFO: model] for epoch:2
[2021-09-19 16:58:59,450: INFO: model] --------------------
[2021-09-19 16:58:59,451: INFO: model] Predicted value after forward pss:[1 1 1 1]
[2021-09-19 16:58:59,453: INFO: model]  Error:0   -1
1    0
2    0
3    0
Name: y, dtype: int64
[2021-09-19 16:58:59,455: INFO: model] updated weights after epoch:2/10:[ 0.59991818  0.60012409 -0.3001259 ]
[2021-09-19 16:58:59,456: INFO: model] ##################################################
[2021-09-19 16:58:59,456: INFO: model] --------------------
[2021-09-19 16:58:59,457: INFO: model] for epoch:3
[2021-09-19 16:58:59,458: INFO: model] --------------------
[2021-09-19 16:58:59,459: INFO: model] Predicted value after forward pss:[1 1 1 1]
[2021-09-19 16:58:59,463: INFO: model]  Error:0   -1
1    0
2    0
3    0
Name: y, dtype: int64
[2021-09-19 16:58:59,465: INFO: model] updated weights after epoch:3/10:[ 5.99918181e-01  6.00124092e-01 -1.25902733e-04]
[2021-09-19 16:58:59,466: INFO: model] ##################################################
[2021-09-19 16:58:59,466: INFO: model] --------------------
[2021-09-19 16:58:59,467: INFO: model] for epoch:4
[2021-09-19 16:58:59,467: INFO: model] --------------------
[2021-09-19 16:58:59,468: INFO: model] Predicted value after forward pss:[1 1 1 1]
[2021-09-19 16:58:59,474: INFO: model]  Error:0   -1
1    0
2    0
3    0
Name: y, dtype: int64
[2021-09-19 16:58:59,478: INFO: model] updated weights after epoch:4/10:[0.59991818 0.60012409 0.2998741 ]
[2021-09-19 16:58:59,479: INFO: model] ##################################################
[2021-09-19 16:58:59,480: INFO: model] --------------------
[2021-09-19 16:58:59,480: INFO: model] for epoch:5
[2021-09-19 16:58:59,481: INFO: model] --------------------
[2021-09-19 16:58:59,482: INFO: model] Predicted value after forward pss:[0 1 1 1]
[2021-09-19 16:58:59,486: INFO: model]  Error:0    0
1    0
2    0
3    0
Name: y, dtype: int64
[2021-09-19 16:58:59,491: INFO: model] updated weights after epoch:5/10:[0.59991818 0.60012409 0.2998741 ]
[2021-09-19 16:58:59,492: INFO: model] ##################################################
[2021-09-19 16:58:59,493: INFO: model] --------------------
[2021-09-19 16:58:59,495: INFO: model] for epoch:6
[2021-09-19 16:58:59,495: INFO: model] --------------------
[2021-09-19 16:58:59,497: INFO: model] Predicted value after forward pss:[0 1 1 1]
[2021-09-19 16:58:59,501: INFO: model]  Error:0    0
1    0
2    0
3    0
Name: y, dtype: int64
[2021-09-19 16:58:59,504: INFO: model] updated weights after epoch:6/10:[0.59991818 0.60012409 0.2998741 ]
[2021-09-19 16:58:59,504: INFO: model] ##################################################
[2021-09-19 16:58:59,505: INFO: model] --------------------
[2021-09-19 16:58:59,506: INFO: model] for epoch:7
[2021-09-19 16:58:59,506: INFO: model] --------------------
[2021-09-19 16:58:59,509: INFO: model] Predicted value after forward pss:[0 1 1 1]
[2021-09-19 16:58:59,514: INFO: model]  Error:0    0
1    0
2    0
3    0
Name: y, dtype: int64
[2021-09-19 16:58:59,517: INFO: model] updated weights after epoch:7/10:[0.59991818 0.60012409 0.2998741 ]
[2021-09-19 16:58:59,518: INFO: model] ##################################################
[2021-09-19 16:58:59,519: INFO: model] --------------------
[2021-09-19 16:58:59,520: INFO: model] for epoch:8
[2021-09-19 16:58:59,521: INFO: model] --------------------
[2021-09-19 16:58:59,523: INFO: model] Predicted value after forward pss:[0 1 1 1]
[2021-09-19 16:58:59,531: INFO: model]  Error:0    0
1    0
2    0
3    0
Name: y, dtype: int64
[2021-09-19 16:58:59,536: INFO: model] updated weights after epoch:8/10:[0.59991818 0.60012409 0.2998741 ]
[2021-09-19 16:58:59,537: INFO: model] ##################################################
[2021-09-19 16:58:59,539: INFO: model] --------------------
[2021-09-19 16:58:59,541: INFO: model] for epoch:9
[2021-09-19 16:58:59,543: INFO: model] --------------------
[2021-09-19 16:58:59,545: INFO: model] Predicted value after forward pss:[0 1 1 1]
[2021-09-19 16:58:59,551: INFO: model]  Error:0    0
1    0
2    0
3    0
Name: y, dtype: int64
[2021-09-19 16:58:59,553: INFO: model] updated weights after epoch:9/10:[0.59991818 0.60012409 0.2998741 ]
[2021-09-19 16:58:59,555: INFO: model] ##################################################
[2021-09-19 16:58:59,566: INFO: model] total loss:0
[2021-09-19 16:58:59,566: INFO: all_utils] Saving the model
[2021-09-19 16:58:59,785: INFO: all_utils] Model saved in(filepath)
[2021-09-19 16:58:59,785: INFO: all_utils] Preparing the data by segregarubg the independent and depened variables
[2021-09-19 16:59:29,318: INFO: or] >>>> Starting Done Successfully >>>>
